2019-08-29 20:52:46.843 DEBUG 9116 --- [main] o.s.w.c.s.StandardServletEnvironment     : Adding PropertySource 'configurationProperties' with highest search precedence
2019-08-29 20:52:46.984 DEBUG 9116 --- [main] o.s.w.c.s.StandardServletEnvironment     : Adding PropertySource 'servletConfigInitParams' with lowest search precedence
2019-08-29 20:52:46.984 DEBUG 9116 --- [main] o.s.w.c.s.StandardServletEnvironment     : Adding PropertySource 'servletContextInitParams' with lowest search precedence
2019-08-29 20:52:46.984 DEBUG 9116 --- [main] o.s.w.c.s.StandardServletEnvironment     : Adding PropertySource 'systemProperties' with lowest search precedence
2019-08-29 20:52:46.984 DEBUG 9116 --- [main] o.s.w.c.s.StandardServletEnvironment     : Adding PropertySource 'systemEnvironment' with lowest search precedence
2019-08-29 20:52:46.984 DEBUG 9116 --- [main] o.s.w.c.s.StandardServletEnvironment     : Initialized StandardServletEnvironment with PropertySources [StubPropertySource {name='servletConfigInitParams'}, StubPropertySource {name='servletContextInitParams'}, MapPropertySource {name='systemProperties'}, SystemEnvironmentPropertySource {name='systemEnvironment'}]
2019-08-29 20:52:47.152  INFO 9116 --- [main] tws.Application                          : Starting Application on wenming-PC with PID 9116 (C:\Users\wenming\Desktop\week-day01\week-day04\java_persistence_practice_mybatis_crud-2019-8-29-5-56-46-603\bin\main started by wenming in C:\Users\wenming\Desktop\week-day01\week-day04\java_persistence_practice_mybatis_crud-2019-8-29-5-56-46-603)
2019-08-29 20:52:47.152  INFO 9116 --- [main] tws.Application                          : No active profile set, falling back to default profiles: default
2019-08-29 20:52:47.384  INFO 9116 --- [main] ConfigServletWebServerApplicationContext : Refreshing org.springframework.boot.web.servlet.context.AnnotationConfigServletWebServerApplicationContext@4cc451f2: startup date [Thu Aug 29 20:52:47 CST 2019]; root of context hierarchy
2019-08-29 20:52:50.061 DEBUG 9116 --- [main] o.s.w.c.s.StandardServletEnvironment     : Removing PropertySource 'defaultProperties'
2019-08-29 20:52:51.415  INFO 9116 --- [main] o.s.b.w.embedded.tomcat.TomcatWebServer  : Tomcat initialized with port(s): 8080 (http)
2019-08-29 20:52:51.495  INFO 9116 --- [main] o.apache.catalina.core.StandardService   : Starting service [Tomcat]
2019-08-29 20:52:51.495  INFO 9116 --- [main] org.apache.catalina.core.StandardEngine  : Starting Servlet Engine: Apache Tomcat/8.5.31
2019-08-29 20:52:51.527  INFO 9116 --- [localhost-startStop-1] o.a.catalina.core.AprLifecycleListener   : The APR based Apache Tomcat Native library which allows optimal performance in production environments was not found on the java.library.path: [G:\Program Files\Java\jre\bin;C:\Windows\Sun\Java\bin;C:\Windows\system32;C:\Windows;G:/Program Files/Java/jre/bin/server;G:/Program Files/Java/jre/bin;G:/Program Files/Java/jre/lib/amd64;C:\Program Files (x86)\Common Files\Oracle\Java\javapath;C:\Windows\system32;C:\Windows;C:\Windows\System32\Wbem;C:\Windows\System32\WindowsPowerShell\v1.0\;C:\Program Files\Intel\WiFi\bin\;C:\Program Files\Common Files\Intel\WirelessCommon\;G:\Program Files\Git\cmd;G:\Program Files\MySQL\MySQL Enterprise Backup 3.10.2\;G:\Program Files\MySQL\MySQL Utilities 1.4.3\;G:\Program Files\MySQL\MySQL Utilities 1.4.3\Doctrine extensions for PHP\;G:\Program Files\Java\jdk1.8.0_211\bin;G:\Program Files\nodejs\;C:\Program Files\Intel\WiFi\bin\;C:\Program Files\Common Files\Intel\WirelessCommon\;G:\Program Files\Microsoft VS Code\bin;C:\Users\wenming\AppData\Roaming\npm;C:\Users\wenming\Desktop;;.]
2019-08-29 20:52:51.764  INFO 9116 --- [localhost-startStop-1] o.a.c.c.C.[Tomcat].[localhost].[/]       : Initializing Spring embedded WebApplicationContext
2019-08-29 20:52:51.764 DEBUG 9116 --- [localhost-startStop-1] o.s.web.context.ContextLoader            : Published root WebApplicationContext as ServletContext attribute with name [org.springframework.web.context.WebApplicationContext.ROOT]
2019-08-29 20:52:51.780  INFO 9116 --- [localhost-startStop-1] o.s.web.context.ContextLoader            : Root WebApplicationContext: initialization completed in 4396 ms
2019-08-29 20:52:52.108  INFO 9116 --- [localhost-startStop-1] o.s.b.w.servlet.ServletRegistrationBean  : Servlet dispatcherServlet mapped to [/]
2019-08-29 20:52:52.123  INFO 9116 --- [localhost-startStop-1] o.s.b.w.servlet.ServletRegistrationBean  : Servlet webServlet mapped to [/h2-console/*]
2019-08-29 20:52:52.123  INFO 9116 --- [localhost-startStop-1] o.s.b.w.servlet.FilterRegistrationBean   : Mapping filter: 'characterEncodingFilter' to: [/*]
2019-08-29 20:52:52.123  INFO 9116 --- [localhost-startStop-1] o.s.b.w.servlet.FilterRegistrationBean   : Mapping filter: 'hiddenHttpMethodFilter' to: [/*]
2019-08-29 20:52:52.123  INFO 9116 --- [localhost-startStop-1] o.s.b.w.servlet.FilterRegistrationBean   : Mapping filter: 'httpPutFormContentFilter' to: [/*]
2019-08-29 20:52:52.123  INFO 9116 --- [localhost-startStop-1] o.s.b.w.servlet.FilterRegistrationBean   : Mapping filter: 'requestContextFilter' to: [/*]
2019-08-29 20:52:52.201 DEBUG 9116 --- [main] o.s.w.c.s.StandardServletEnvironment     : Replacing PropertySource 'servletContextInitParams' with 'servletContextInitParams'
2019-08-29 20:52:52.587  INFO 9116 --- [main] com.zaxxer.hikari.HikariDataSource       : HikariPool-1 - Starting...
2019-08-29 20:52:53.175  INFO 9116 --- [main] com.zaxxer.hikari.HikariDataSource       : HikariPool-1 - Start completed.
2019-08-29 20:52:53.202  INFO 9116 --- [main] o.s.jdbc.datasource.init.ScriptUtils     : Executing SQL script from URL [file:/C:/Users/wenming/Desktop/week-day01/week-day04/java_persistence_practice_mybatis_crud-2019-8-29-5-56-46-603/bin/main/schema.sql]
2019-08-29 20:52:53.217  INFO 9116 --- [main] o.s.jdbc.datasource.init.ScriptUtils     : Executed SQL script from URL [file:/C:/Users/wenming/Desktop/week-day01/week-day04/java_persistence_practice_mybatis_crud-2019-8-29-5-56-46-603/bin/main/schema.sql] in 15 ms.
2019-08-29 20:52:53.873  INFO 9116 --- [main] o.s.w.s.handler.SimpleUrlHandlerMapping  : Mapped URL path [/**/favicon.ico] onto handler of type [class org.springframework.web.servlet.resource.ResourceHttpRequestHandler]
2019-08-29 20:52:54.678  INFO 9116 --- [main] s.w.s.m.m.a.RequestMappingHandlerAdapter : Looking for @ControllerAdvice: org.springframework.boot.web.servlet.context.AnnotationConfigServletWebServerApplicationContext@4cc451f2: startup date [Thu Aug 29 20:52:47 CST 2019]; root of context hierarchy
2019-08-29 20:52:54.883 DEBUG 9116 --- [main] s.w.s.m.m.a.RequestMappingHandlerMapping : Looking for request mappings in application context: org.springframework.boot.web.servlet.context.AnnotationConfigServletWebServerApplicationContext@4cc451f2: startup date [Thu Aug 29 20:52:47 CST 2019]; root of context hierarchy
2019-08-29 20:52:54.911 DEBUG 9116 --- [main] s.w.s.m.m.a.RequestMappingHandlerMapping : 4 request handler methods found on class tws.controller.EmployeeController: {public org.springframework.http.ResponseEntity tws.controller.EmployeeController.getAll()={[/employees],methods=[GET]}, public void tws.controller.EmployeeController.deleteEmployee(int)={[/employees/{id}],methods=[DELETE]}, public tws.entity.Employee tws.controller.EmployeeController.createEmployee(tws.entity.Employee)={[/employees],methods=[POST]}, public void tws.controller.EmployeeController.updateEmployee(int,tws.entity.Employee)={[/employees/{id}],methods=[PUT]}}
2019-08-29 20:52:54.913  INFO 9116 --- [main] s.w.s.m.m.a.RequestMappingHandlerMapping : Mapped "{[/employees],methods=[GET]}" onto public org.springframework.http.ResponseEntity<java.util.List<tws.entity.Employee>> tws.controller.EmployeeController.getAll()
2019-08-29 20:52:54.916  INFO 9116 --- [main] s.w.s.m.m.a.RequestMappingHandlerMapping : Mapped "{[/employees/{id}],methods=[DELETE]}" onto public void tws.controller.EmployeeController.deleteEmployee(int)
2019-08-29 20:52:54.917  INFO 9116 --- [main] s.w.s.m.m.a.RequestMappingHandlerMapping : Mapped "{[/employees],methods=[POST]}" onto public tws.entity.Employee tws.controller.EmployeeController.createEmployee(tws.entity.Employee)
2019-08-29 20:52:54.918  INFO 9116 --- [main] s.w.s.m.m.a.RequestMappingHandlerMapping : Mapped "{[/employees/{id}],methods=[PUT]}" onto public void tws.controller.EmployeeController.updateEmployee(int,tws.entity.Employee)
2019-08-29 20:52:54.922 DEBUG 9116 --- [main] s.w.s.m.m.a.RequestMappingHandlerMapping : 2 request handler methods found on class org.springframework.boot.autoconfigure.web.servlet.error.BasicErrorController: {public org.springframework.http.ResponseEntity org.springframework.boot.autoconfigure.web.servlet.error.BasicErrorController.error(javax.servlet.http.HttpServletRequest)={[/error]}, public org.springframework.web.servlet.ModelAndView org.springframework.boot.autoconfigure.web.servlet.error.BasicErrorController.errorHtml(javax.servlet.http.HttpServletRequest,javax.servlet.http.HttpServletResponse)={[/error],produces=[text/html]}}
2019-08-29 20:52:54.923  INFO 9116 --- [main] s.w.s.m.m.a.RequestMappingHandlerMapping : Mapped "{[/error]}" onto public org.springframework.http.ResponseEntity<java.util.Map<java.lang.String, java.lang.Object>> org.springframework.boot.autoconfigure.web.servlet.error.BasicErrorController.error(javax.servlet.http.HttpServletRequest)
2019-08-29 20:52:54.923  INFO 9116 --- [main] s.w.s.m.m.a.RequestMappingHandlerMapping : Mapped "{[/error],produces=[text/html]}" onto public org.springframework.web.servlet.ModelAndView org.springframework.boot.autoconfigure.web.servlet.error.BasicErrorController.errorHtml(javax.servlet.http.HttpServletRequest,javax.servlet.http.HttpServletResponse)
2019-08-29 20:52:54.955 DEBUG 9116 --- [main] o.s.w.s.h.BeanNameUrlHandlerMapping      : Looking for URL mappings in application context: org.springframework.boot.web.servlet.context.AnnotationConfigServletWebServerApplicationContext@4cc451f2: startup date [Thu Aug 29 20:52:47 CST 2019]; root of context hierarchy
2019-08-29 20:52:54.955 DEBUG 9116 --- [main] o.s.w.s.h.BeanNameUrlHandlerMapping      : Rejected bean name 'org.springframework.context.annotation.internalConfigurationAnnotationProcessor': no URL paths identified
2019-08-29 20:52:54.955 DEBUG 9116 --- [main] o.s.w.s.h.BeanNameUrlHandlerMapping      : Rejected bean name 'org.springframework.context.annotation.internalAutowiredAnnotationProcessor': no URL paths identified
2019-08-29 20:52:54.955 DEBUG 9116 --- [main] o.s.w.s.h.BeanNameUrlHandlerMapping      : Rejected bean name 'org.springframework.context.annotation.internalRequiredAnnotationProcessor': no URL paths identified
2019-08-29 20:52:54.955 DEBUG 9116 --- [main] o.s.w.s.h.BeanNameUrlHandlerMapping      : Rejected bean name 'org.springframework.context.annotation.internalCommonAnnotationProcessor': no URL paths identified
2019-08-29 20:52:54.955 DEBUG 9116 --- [main] o.s.w.s.h.BeanNameUrlHandlerMapping      : Rejected bean name 'org.springframework.context.event.internalEventListenerProcessor': no URL paths identified
2019-08-29 20:52:54.955 DEBUG 9116 --- [main] o.s.w.s.h.BeanNameUrlHandlerMapping      : Rejected bean name 'org.springframework.context.event.internalEventListenerFactory': no URL paths identified
2019-08-29 20:52:54.971 DEBUG 9116 --- [main] o.s.w.s.h.BeanNameUrlHandlerMapping      : Rejected bean name 'application': no URL paths identified
2019-08-29 20:52:54.971 DEBUG 9116 --- [main] o.s.w.s.h.BeanNameUrlHandlerMapping      : Rejected bean name 'org.springframework.boot.autoconfigure.internalCachingMetadataReaderFactory': no URL paths identified
2019-08-29 20:52:54.971 DEBUG 9116 --- [main] o.s.w.s.h.BeanNameUrlHandlerMapping      : Rejected bean name 'employeeController': no URL paths identified
2019-08-29 20:52:54.971 DEBUG 9116 --- [main] o.s.w.s.h.BeanNameUrlHandlerMapping      : Rejected bean name 'org.springframework.boot.autoconfigure.AutoConfigurationPackages': no URL paths identified
2019-08-29 20:52:54.971 DEBUG 9116 --- [main] o.s.w.s.h.BeanNameUrlHandlerMapping      : Rejected bean name 'org.springframework.boot.autoconfigure.context.PropertyPlaceholderAutoConfiguration': no URL paths identified
2019-08-29 20:52:54.971 DEBUG 9116 --- [main] o.s.w.s.h.BeanNameUrlHandlerMapping      : Rejected bean name 'org.springframework.boot.autoconfigure.condition.BeanTypeRegistry': no URL paths identified
2019-08-29 20:52:54.971 DEBUG 9116 --- [main] o.s.w.s.h.BeanNameUrlHandlerMapping      : Rejected bean name 'propertySourcesPlaceholderConfigurer': no URL paths identified
2019-08-29 20:52:54.971 DEBUG 9116 --- [main] o.s.w.s.h.BeanNameUrlHandlerMapping      : Rejected bean name 'org.springframework.boot.autoconfigure.websocket.servlet.WebSocketServletAutoConfiguration$TomcatWebSocketConfiguration': no URL paths identified
2019-08-29 20:52:54.971 DEBUG 9116 --- [main] o.s.w.s.h.BeanNameUrlHandlerMapping      : Rejected bean name 'websocketContainerCustomizer': no URL paths identified
2019-08-29 20:52:54.971 DEBUG 9116 --- [main] o.s.w.s.h.BeanNameUrlHandlerMapping      : Rejected bean name 'org.springframework.boot.autoconfigure.websocket.servlet.WebSocketServletAutoConfiguration': no URL paths identified
2019-08-29 20:52:54.971 DEBUG 9116 --- [main] o.s.w.s.h.BeanNameUrlHandlerMapping      : Rejected bean name 'org.springframework.boot.autoconfigure.web.servlet.ServletWebServerFactoryConfiguration$EmbeddedTomcat': no URL paths identified
2019-08-29 20:52:54.971 DEBUG 9116 --- [main] o.s.w.s.h.BeanNameUrlHandlerMapping      : Rejected bean name 'tomcatServletWebServerFactory': no URL paths identified
2019-08-29 20:52:54.971 DEBUG 9116 --- [main] o.s.w.s.h.BeanNameUrlHandlerMapping      : Rejected bean name 'org.springframework.boot.autoconfigure.web.servlet.ServletWebServerFactoryAutoConfiguration': no URL paths identified
2019-08-29 20:52:54.971 DEBUG 9116 --- [main] o.s.w.s.h.BeanNameUrlHandlerMapping      : Rejected bean name 'servletWebServerFactoryCustomizer': no URL paths identified
2019-08-29 20:52:54.986 DEBUG 9116 --- [main] o.s.w.s.h.BeanNameUrlHandlerMapping      : Rejected bean name 'tomcatServletWebServerFactoryCustomizer': no URL paths identified
2019-08-29 20:52:54.986 DEBUG 9116 --- [main] o.s.w.s.h.BeanNameUrlHandlerMapping      : Rejected bean name 'server-org.springframework.boot.autoconfigure.web.ServerProperties': no URL paths identified
2019-08-29 20:52:54.986 DEBUG 9116 --- [main] o.s.w.s.h.BeanNameUrlHandlerMapping      : Rejected bean name 'org.springframework.boot.context.properties.ConfigurationPropertiesBindingPostProcessor': no URL paths identified
2019-08-29 20:52:54.986 DEBUG 9116 --- [main] o.s.w.s.h.BeanNameUrlHandlerMapping      : Rejected bean name 'org.springframework.boot.context.properties.ConfigurationBeanFactoryMetadata': no URL paths identified
2019-08-29 20:52:54.986 DEBUG 9116 --- [main] o.s.w.s.h.BeanNameUrlHandlerMapping      : Rejected bean name 'webServerFactoryCustomizerBeanPostProcessor': no URL paths identified
2019-08-29 20:52:54.986 DEBUG 9116 --- [main] o.s.w.s.h.BeanNameUrlHandlerMapping      : Rejected bean name 'errorPageRegistrarBeanPostProcessor': no URL paths identified
2019-08-29 20:52:54.986 DEBUG 9116 --- [main] o.s.w.s.h.BeanNameUrlHandlerMapping      : Rejected bean name 'org.springframework.boot.autoconfigure.web.servlet.DispatcherServletAutoConfiguration$DispatcherServletConfiguration': no URL paths identified
2019-08-29 20:52:54.986 DEBUG 9116 --- [main] o.s.w.s.h.BeanNameUrlHandlerMapping      : Rejected bean name 'dispatcherServlet': no URL paths identified
2019-08-29 20:52:54.986 DEBUG 9116 --- [main] o.s.w.s.h.BeanNameUrlHandlerMapping      : Rejected bean name 'mainDispatcherServletPathProvider': no URL paths identified
2019-08-29 20:52:54.986 DEBUG 9116 --- [main] o.s.w.s.h.BeanNameUrlHandlerMapping      : Rejected bean name 'spring.mvc-org.springframework.boot.autoconfigure.web.servlet.WebMvcProperties': no URL paths identified
2019-08-29 20:52:54.986 DEBUG 9116 --- [main] o.s.w.s.h.BeanNameUrlHandlerMapping      : Rejected bean name 'org.springframework.boot.autoconfigure.web.servlet.DispatcherServletAutoConfiguration$DispatcherServletRegistrationConfiguration': no URL paths identified
2019-08-29 20:52:54.986 DEBUG 9116 --- [main] o.s.w.s.h.BeanNameUrlHandlerMapping      : Rejected bean name 'dispatcherServletRegistration': no URL paths identified
2019-08-29 20:52:54.986 DEBUG 9116 --- [main] o.s.w.s.h.BeanNameUrlHandlerMapping      : Rejected bean name 'org.springframework.boot.autoconfigure.web.servlet.DispatcherServletAutoConfiguration': no URL paths identified
2019-08-29 20:52:54.986 DEBUG 9116 --- [main] o.s.w.s.h.BeanNameUrlHandlerMapping      : Rejected bean name 'org.springframework.boot.autoconfigure.validation.ValidationAutoConfiguration': no URL paths identified
2019-08-29 20:52:54.986 DEBUG 9116 --- [main] o.s.w.s.h.BeanNameUrlHandlerMapping      : Rejected bean name 'defaultValidator': no URL paths identified
2019-08-29 20:52:54.986 DEBUG 9116 --- [main] o.s.w.s.h.BeanNameUrlHandlerMapping      : Rejected bean name 'methodValidationPostProcessor': no URL paths identified
2019-08-29 20:52:54.986 DEBUG 9116 --- [main] o.s.w.s.h.BeanNameUrlHandlerMapping      : Rejected bean name 'org.springframework.boot.autoconfigure.web.servlet.error.ErrorMvcAutoConfiguration$WhitelabelErrorViewConfiguration': no URL paths identified
2019-08-29 20:52:54.986 DEBUG 9116 --- [main] o.s.w.s.h.BeanNameUrlHandlerMapping      : Rejected bean name 'error': no URL paths identified
2019-08-29 20:52:54.986 DEBUG 9116 --- [main] o.s.w.s.h.BeanNameUrlHandlerMapping      : Rejected bean name 'beanNameViewResolver': no URL paths identified
2019-08-29 20:52:54.986 DEBUG 9116 --- [main] o.s.w.s.h.BeanNameUrlHandlerMapping      : Rejected bean name 'org.springframework.boot.autoconfigure.web.servlet.error.ErrorMvcAutoConfiguration$DefaultErrorViewResolverConfiguration': no URL paths identified
2019-08-29 20:52:54.986 DEBUG 9116 --- [main] o.s.w.s.h.BeanNameUrlHandlerMapping      : Rejected bean name 'conventionErrorViewResolver': no URL paths identified
2019-08-29 20:52:54.986 DEBUG 9116 --- [main] o.s.w.s.h.BeanNameUrlHandlerMapping      : Rejected bean name 'org.springframework.boot.autoconfigure.web.servlet.error.ErrorMvcAutoConfiguration': no URL paths identified
2019-08-29 20:52:54.986 DEBUG 9116 --- [main] o.s.w.s.h.BeanNameUrlHandlerMapping      : Rejected bean name 'errorAttributes': no URL paths identified
2019-08-29 20:52:54.986 DEBUG 9116 --- [main] o.s.w.s.h.BeanNameUrlHandlerMapping      : Rejected bean name 'basicErrorController': no URL paths identified
2019-08-29 20:52:54.986 DEBUG 9116 --- [main] o.s.w.s.h.BeanNameUrlHandlerMapping      : Rejected bean name 'errorPageCustomizer': no URL paths identified
2019-08-29 20:52:54.986 DEBUG 9116 --- [main] o.s.w.s.h.BeanNameUrlHandlerMapping      : Rejected bean name 'preserveErrorControllerTargetClassPostProcessor': no URL paths identified
2019-08-29 20:52:54.986 DEBUG 9116 --- [main] o.s.w.s.h.BeanNameUrlHandlerMapping      : Rejected bean name 'spring.resources-org.springframework.boot.autoconfigure.web.ResourceProperties': no URL paths identified
2019-08-29 20:52:54.986 DEBUG 9116 --- [main] o.s.w.s.h.BeanNameUrlHandlerMapping      : Rejected bean name 'org.springframework.boot.autoconfigure.web.servlet.WebMvcAutoConfiguration$WebMvcAutoConfigurationAdapter$FaviconConfiguration': no URL paths identified
2019-08-29 20:52:54.986 DEBUG 9116 --- [main] o.s.w.s.h.BeanNameUrlHandlerMapping      : Rejected bean name 'faviconHandlerMapping': no URL paths identified
2019-08-29 20:52:54.986 DEBUG 9116 --- [main] o.s.w.s.h.BeanNameUrlHandlerMapping      : Rejected bean name 'faviconRequestHandler': no URL paths identified
2019-08-29 20:52:54.986 DEBUG 9116 --- [main] o.s.w.s.h.BeanNameUrlHandlerMapping      : Rejected bean name 'org.springframework.boot.autoconfigure.web.servlet.WebMvcAutoConfiguration$EnableWebMvcConfiguration': no URL paths identified
2019-08-29 20:52:54.986 DEBUG 9116 --- [main] o.s.w.s.h.BeanNameUrlHandlerMapping      : Rejected bean name 'requestMappingHandlerAdapter': no URL paths identified
2019-08-29 20:52:54.986 DEBUG 9116 --- [main] o.s.w.s.h.BeanNameUrlHandlerMapping      : Rejected bean name 'requestMappingHandlerMapping': no URL paths identified
2019-08-29 20:52:54.986 DEBUG 9116 --- [main] o.s.w.s.h.BeanNameUrlHandlerMapping      : Rejected bean name 'mvcConversionService': no URL paths identified
2019-08-29 20:52:54.986 DEBUG 9116 --- [main] o.s.w.s.h.BeanNameUrlHandlerMapping      : Rejected bean name 'mvcValidator': no URL paths identified
2019-08-29 20:52:54.986 DEBUG 9116 --- [main] o.s.w.s.h.BeanNameUrlHandlerMapping      : Rejected bean name 'mvcContentNegotiationManager': no URL paths identified
2019-08-29 20:52:54.986 DEBUG 9116 --- [main] o.s.w.s.h.BeanNameUrlHandlerMapping      : Rejected bean name 'mvcPathMatcher': no URL paths identified
2019-08-29 20:52:54.986 DEBUG 9116 --- [main] o.s.w.s.h.BeanNameUrlHandlerMapping      : Rejected bean name 'mvcUrlPathHelper': no URL paths identified
2019-08-29 20:52:54.986 DEBUG 9116 --- [main] o.s.w.s.h.BeanNameUrlHandlerMapping      : Rejected bean name 'viewControllerHandlerMapping': no URL paths identified
2019-08-29 20:52:54.986 DEBUG 9116 --- [main] o.s.w.s.h.BeanNameUrlHandlerMapping      : Rejected bean name 'beanNameHandlerMapping': no URL paths identified
2019-08-29 20:52:54.986 DEBUG 9116 --- [main] o.s.w.s.h.BeanNameUrlHandlerMapping      : Rejected bean name 'resourceHandlerMapping': no URL paths identified
2019-08-29 20:52:54.986 DEBUG 9116 --- [main] o.s.w.s.h.BeanNameUrlHandlerMapping      : Rejected bean name 'mvcResourceUrlProvider': no URL paths identified
2019-08-29 20:52:54.986 DEBUG 9116 --- [main] o.s.w.s.h.BeanNameUrlHandlerMapping      : Rejected bean name 'defaultServletHandlerMapping': no URL paths identified
2019-08-29 20:52:55.129 DEBUG 9116 --- [main] o.s.w.s.h.BeanNameUrlHandlerMapping      : Rejected bean name 'mvcUriComponentsContributor': no URL paths identified
2019-08-29 20:52:55.129 DEBUG 9116 --- [main] o.s.w.s.h.BeanNameUrlHandlerMapping      : Rejected bean name 'httpRequestHandlerAdapter': no URL paths identified
2019-08-29 20:52:55.129 DEBUG 9116 --- [main] o.s.w.s.h.BeanNameUrlHandlerMapping      : Rejected bean name 'simpleControllerHandlerAdapter': no URL paths identified
2019-08-29 20:52:55.129 DEBUG 9116 --- [main] o.s.w.s.h.BeanNameUrlHandlerMapping      : Rejected bean name 'handlerExceptionResolver': no URL paths identified
2019-08-29 20:52:55.129 DEBUG 9116 --- [main] o.s.w.s.h.BeanNameUrlHandlerMapping      : Rejected bean name 'mvcViewResolver': no URL paths identified
2019-08-29 20:52:55.129 DEBUG 9116 --- [main] o.s.w.s.h.BeanNameUrlHandlerMapping      : Rejected bean name 'mvcHandlerMappingIntrospector': no URL paths identified
2019-08-29 20:52:55.129 DEBUG 9116 --- [main] o.s.w.s.h.BeanNameUrlHandlerMapping      : Rejected bean name 'org.springframework.boot.autoconfigure.web.servlet.WebMvcAutoConfiguration$WebMvcAutoConfigurationAdapter': no URL paths identified
2019-08-29 20:52:55.129 DEBUG 9116 --- [main] o.s.w.s.h.BeanNameUrlHandlerMapping      : Rejected bean name 'defaultViewResolver': no URL paths identified
2019-08-29 20:52:55.129 DEBUG 9116 --- [main] o.s.w.s.h.BeanNameUrlHandlerMapping      : Rejected bean name 'viewResolver': no URL paths identified
2019-08-29 20:52:55.129 DEBUG 9116 --- [main] o.s.w.s.h.BeanNameUrlHandlerMapping      : Rejected bean name 'welcomePageHandlerMapping': no URL paths identified
2019-08-29 20:52:55.129 DEBUG 9116 --- [main] o.s.w.s.h.BeanNameUrlHandlerMapping      : Rejected bean name 'requestContextFilter': no URL paths identified
2019-08-29 20:52:55.129 DEBUG 9116 --- [main] o.s.w.s.h.BeanNameUrlHandlerMapping      : Rejected bean name 'org.springframework.boot.autoconfigure.web.servlet.WebMvcAutoConfiguration': no URL paths identified
2019-08-29 20:52:55.129 DEBUG 9116 --- [main] o.s.w.s.h.BeanNameUrlHandlerMapping      : Rejected bean name 'hiddenHttpMethodFilter': no URL paths identified
2019-08-29 20:52:55.129 DEBUG 9116 --- [main] o.s.w.s.h.BeanNameUrlHandlerMapping      : Rejected bean name 'httpPutFormContentFilter': no URL paths identified
2019-08-29 20:52:55.129 DEBUG 9116 --- [main] o.s.w.s.h.BeanNameUrlHandlerMapping      : Rejected bean name 'org.springframework.boot.autoconfigure.jdbc.DataSourceConfiguration$Hikari': no URL paths identified
2019-08-29 20:52:55.129 DEBUG 9116 --- [main] o.s.w.s.h.BeanNameUrlHandlerMapping      : Rejected bean name 'dataSource': no URL paths identified
2019-08-29 20:52:55.129 DEBUG 9116 --- [main] o.s.w.s.h.BeanNameUrlHandlerMapping      : Rejected bean name 'org.springframework.boot.autoconfigure.jdbc.DataSourceJmxConfiguration$Hikari': no URL paths identified
2019-08-29 20:52:55.129 DEBUG 9116 --- [main] o.s.w.s.h.BeanNameUrlHandlerMapping      : Rejected bean name 'org.springframework.boot.autoconfigure.jdbc.DataSourceJmxConfiguration': no URL paths identified
2019-08-29 20:52:55.129 DEBUG 9116 --- [main] o.s.w.s.h.BeanNameUrlHandlerMapping      : Rejected bean name 'org.springframework.boot.autoconfigure.jdbc.DataSourceAutoConfiguration$PooledDataSourceConfiguration': no URL paths identified
2019-08-29 20:52:55.129 DEBUG 9116 --- [main] o.s.w.s.h.BeanNameUrlHandlerMapping      : Rejected bean name 'org.springframework.boot.autoconfigure.jdbc.metadata.DataSourcePoolMetadataProvidersConfiguration$HikariPoolDataSourceMetadataProviderConfiguration': no URL paths identified
2019-08-29 20:52:55.129 DEBUG 9116 --- [main] o.s.w.s.h.BeanNameUrlHandlerMapping      : Rejected bean name 'hikariPoolDataSourceMetadataProvider': no URL paths identified
2019-08-29 20:52:55.129 DEBUG 9116 --- [main] o.s.w.s.h.BeanNameUrlHandlerMapping      : Rejected bean name 'org.springframework.boot.autoconfigure.jdbc.metadata.DataSourcePoolMetadataProvidersConfiguration': no URL paths identified
2019-08-29 20:52:55.129 DEBUG 9116 --- [main] o.s.w.s.h.BeanNameUrlHandlerMapping      : Rejected bean name 'org.springframework.boot.autoconfigure.jdbc.DataSourceInitializerInvoker': no URL paths identified
2019-08-29 20:52:55.129 DEBUG 9116 --- [main] o.s.w.s.h.BeanNameUrlHandlerMapping      : Rejected bean name 'org.springframework.boot.autoconfigure.jdbc.DataSourceInitializationConfiguration': no URL paths identified
2019-08-29 20:52:55.129 DEBUG 9116 --- [main] o.s.w.s.h.BeanNameUrlHandlerMapping      : Rejected bean name 'dataSourceInitializerPostProcessor': no URL paths identified
2019-08-29 20:52:55.129 DEBUG 9116 --- [main] o.s.w.s.h.BeanNameUrlHandlerMapping      : Rejected bean name 'org.springframework.boot.autoconfigure.jdbc.DataSourceAutoConfiguration': no URL paths identified
2019-08-29 20:52:55.129 DEBUG 9116 --- [main] o.s.w.s.h.BeanNameUrlHandlerMapping      : Rejected bean name 'spring.datasource-org.springframework.boot.autoconfigure.jdbc.DataSourceProperties': no URL paths identified
2019-08-29 20:52:55.129 DEBUG 9116 --- [main] o.s.w.s.h.BeanNameUrlHandlerMapping      : Rejected bean name 'org.mybatis.spring.boot.autoconfigure.MybatisLanguageDriverAutoConfiguration': no URL paths identified
2019-08-29 20:52:55.129 DEBUG 9116 --- [main] o.s.w.s.h.BeanNameUrlHandlerMapping      : Rejected bean name 'org.mybatis.spring.boot.autoconfigure.MybatisAutoConfiguration$MapperScannerRegistrarNotFoundConfiguration': no URL paths identified
2019-08-29 20:52:55.129 DEBUG 9116 --- [main] o.s.w.s.h.BeanNameUrlHandlerMapping      : Rejected bean name 'org.mybatis.spring.mapper.MapperScannerConfigurer': no URL paths identified
2019-08-29 20:52:55.129 DEBUG 9116 --- [main] o.s.w.s.h.BeanNameUrlHandlerMapping      : Rejected bean name 'org.mybatis.spring.boot.autoconfigure.MybatisAutoConfiguration': no URL paths identified
2019-08-29 20:52:55.129 DEBUG 9116 --- [main] o.s.w.s.h.BeanNameUrlHandlerMapping      : Rejected bean name 'sqlSessionFactory': no URL paths identified
2019-08-29 20:52:55.129 DEBUG 9116 --- [main] o.s.w.s.h.BeanNameUrlHandlerMapping      : Rejected bean name 'sqlSessionTemplate': no URL paths identified
2019-08-29 20:52:55.129 DEBUG 9116 --- [main] o.s.w.s.h.BeanNameUrlHandlerMapping      : Rejected bean name 'mybatis-org.mybatis.spring.boot.autoconfigure.MybatisProperties': no URL paths identified
2019-08-29 20:52:55.129 DEBUG 9116 --- [main] o.s.w.s.h.BeanNameUrlHandlerMapping      : Rejected bean name 'org.springframework.boot.autoconfigure.jmx.JmxAutoConfiguration': no URL paths identified
2019-08-29 20:52:55.129 DEBUG 9116 --- [main] o.s.w.s.h.BeanNameUrlHandlerMapping      : Rejected bean name 'mbeanExporter': no URL paths identified
2019-08-29 20:52:55.129 DEBUG 9116 --- [main] o.s.w.s.h.BeanNameUrlHandlerMapping      : Rejected bean name 'objectNamingStrategy': no URL paths identified
2019-08-29 20:52:55.129 DEBUG 9116 --- [main] o.s.w.s.h.BeanNameUrlHandlerMapping      : Rejected bean name 'mbeanServer': no URL paths identified
2019-08-29 20:52:55.129 DEBUG 9116 --- [main] o.s.w.s.h.BeanNameUrlHandlerMapping      : Rejected bean name 'org.springframework.boot.autoconfigure.context.ConfigurationPropertiesAutoConfiguration': no URL paths identified
2019-08-29 20:52:55.129 DEBUG 9116 --- [main] o.s.w.s.h.BeanNameUrlHandlerMapping      : Rejected bean name 'org.springframework.boot.autoconfigure.dao.PersistenceExceptionTranslationAutoConfiguration': no URL paths identified
2019-08-29 20:52:55.129 DEBUG 9116 --- [main] o.s.w.s.h.BeanNameUrlHandlerMapping      : Rejected bean name 'persistenceExceptionTranslationPostProcessor': no URL paths identified
2019-08-29 20:52:55.129 DEBUG 9116 --- [main] o.s.w.s.h.BeanNameUrlHandlerMapping      : Rejected bean name 'org.springframework.boot.autoconfigure.h2.H2ConsoleAutoConfiguration': no URL paths identified
2019-08-29 20:52:55.129 DEBUG 9116 --- [main] o.s.w.s.h.BeanNameUrlHandlerMapping      : Rejected bean name 'h2Console': no URL paths identified
2019-08-29 20:52:55.129 DEBUG 9116 --- [main] o.s.w.s.h.BeanNameUrlHandlerMapping      : Rejected bean name 'spring.h2.console-org.springframework.boot.autoconfigure.h2.H2ConsoleProperties': no URL paths identified
2019-08-29 20:52:55.129 DEBUG 9116 --- [main] o.s.w.s.h.BeanNameUrlHandlerMapping      : Rejected bean name 'org.springframework.boot.autoconfigure.jackson.JacksonAutoConfiguration$Jackson2ObjectMapperBuilderCustomizerConfiguration': no URL paths identified
2019-08-29 20:52:55.129 DEBUG 9116 --- [main] o.s.w.s.h.BeanNameUrlHandlerMapping      : Rejected bean name 'standardJacksonObjectMapperBuilderCustomizer': no URL paths identified
2019-08-29 20:52:55.129 DEBUG 9116 --- [main] o.s.w.s.h.BeanNameUrlHandlerMapping      : Rejected bean name 'spring.jackson-org.springframework.boot.autoconfigure.jackson.JacksonProperties': no URL paths identified
2019-08-29 20:52:55.129 DEBUG 9116 --- [main] o.s.w.s.h.BeanNameUrlHandlerMapping      : Rejected bean name 'org.springframework.boot.autoconfigure.jackson.JacksonAutoConfiguration$JacksonObjectMapperBuilderConfiguration': no URL paths identified
2019-08-29 20:52:55.129 DEBUG 9116 --- [main] o.s.w.s.h.BeanNameUrlHandlerMapping      : Rejected bean name 'jacksonObjectMapperBuilder': no URL paths identified
2019-08-29 20:52:55.129 DEBUG 9116 --- [main] o.s.w.s.h.BeanNameUrlHandlerMapping      : Rejected bean name 'org.springframework.boot.autoconfigure.jackson.JacksonAutoConfiguration$ParameterNamesModuleConfiguration': no URL paths identified
2019-08-29 20:52:55.129 DEBUG 9116 --- [main] o.s.w.s.h.BeanNameUrlHandlerMapping      : Rejected bean name 'parameterNamesModule': no URL paths identified
2019-08-29 20:52:55.129 DEBUG 9116 --- [main] o.s.w.s.h.BeanNameUrlHandlerMapping      : Rejected bean name 'org.springframework.boot.autoconfigure.jackson.JacksonAutoConfiguration$JacksonObjectMapperConfiguration': no URL paths identified
2019-08-29 20:52:55.129 DEBUG 9116 --- [main] o.s.w.s.h.BeanNameUrlHandlerMapping      : Rejected bean name 'jacksonObjectMapper': no URL paths identified
2019-08-29 20:52:55.129 DEBUG 9116 --- [main] o.s.w.s.h.BeanNameUrlHandlerMapping      : Rejected bean name 'org.springframework.boot.autoconfigure.jackson.JacksonAutoConfiguration': no URL paths identified
2019-08-29 20:52:55.129 DEBUG 9116 --- [main] o.s.w.s.h.BeanNameUrlHandlerMapping      : Rejected bean name 'jsonComponentModule': no URL paths identified
2019-08-29 20:52:55.129 DEBUG 9116 --- [main] o.s.w.s.h.BeanNameUrlHandlerMapping      : Rejected bean name 'org.springframework.boot.autoconfigure.http.HttpMessageConvertersAutoConfiguration$StringHttpMessageConverterConfiguration': no URL paths identified
2019-08-29 20:52:55.129 DEBUG 9116 --- [main] o.s.w.s.h.BeanNameUrlHandlerMapping      : Rejected bean name 'stringHttpMessageConverter': no URL paths identified
2019-08-29 20:52:55.129 DEBUG 9116 --- [main] o.s.w.s.h.BeanNameUrlHandlerMapping      : Rejected bean name 'spring.http.encoding-org.springframework.boot.autoconfigure.http.HttpEncodingProperties': no URL paths identified
2019-08-29 20:52:55.129 DEBUG 9116 --- [main] o.s.w.s.h.BeanNameUrlHandlerMapping      : Rejected bean name 'org.springframework.boot.autoconfigure.http.JacksonHttpMessageConvertersConfiguration$MappingJackson2HttpMessageConverterConfiguration': no URL paths identified
2019-08-29 20:52:55.129 DEBUG 9116 --- [main] o.s.w.s.h.BeanNameUrlHandlerMapping      : Rejected bean name 'mappingJackson2HttpMessageConverter': no URL paths identified
2019-08-29 20:52:55.129 DEBUG 9116 --- [main] o.s.w.s.h.BeanNameUrlHandlerMapping      : Rejected bean name 'org.springframework.boot.autoconfigure.http.JacksonHttpMessageConvertersConfiguration': no URL paths identified
2019-08-29 20:52:55.129 DEBUG 9116 --- [main] o.s.w.s.h.BeanNameUrlHandlerMapping      : Rejected bean name 'org.springframework.boot.autoconfigure.http.HttpMessageConvertersAutoConfiguration': no URL paths identified
2019-08-29 20:52:55.129 DEBUG 9116 --- [main] o.s.w.s.h.BeanNameUrlHandlerMapping      : Rejected bean name 'messageConverters': no URL paths identified
2019-08-29 20:52:55.129 DEBUG 9116 --- [main] o.s.w.s.h.BeanNameUrlHandlerMapping      : Rejected bean name 'org.springframework.boot.autoconfigure.http.codec.CodecsAutoConfiguration$JacksonCodecConfiguration': no URL paths identified
2019-08-29 20:52:55.129 DEBUG 9116 --- [main] o.s.w.s.h.BeanNameUrlHandlerMapping      : Rejected bean name 'jacksonCodecCustomizer': no URL paths identified
2019-08-29 20:52:55.129 DEBUG 9116 --- [main] o.s.w.s.h.BeanNameUrlHandlerMapping      : Rejected bean name 'org.springframework.boot.autoconfigure.http.codec.CodecsAutoConfiguration': no URL paths identified
2019-08-29 20:52:55.129 DEBUG 9116 --- [main] o.s.w.s.h.BeanNameUrlHandlerMapping      : Rejected bean name 'org.springframework.boot.autoconfigure.info.ProjectInfoAutoConfiguration': no URL paths identified
2019-08-29 20:52:55.129 DEBUG 9116 --- [main] o.s.w.s.h.BeanNameUrlHandlerMapping      : Rejected bean name 'spring.info-org.springframework.boot.autoconfigure.info.ProjectInfoProperties': no URL paths identified
2019-08-29 20:52:55.129 DEBUG 9116 --- [main] o.s.w.s.h.BeanNameUrlHandlerMapping      : Rejected bean name 'org.springframework.boot.autoconfigure.jdbc.JdbcTemplateAutoConfiguration$JdbcTemplateConfiguration': no URL paths identified
2019-08-29 20:52:55.129 DEBUG 9116 --- [main] o.s.w.s.h.BeanNameUrlHandlerMapping      : Rejected bean name 'jdbcTemplate': no URL paths identified
2019-08-29 20:52:55.129 DEBUG 9116 --- [main] o.s.w.s.h.BeanNameUrlHandlerMapping      : Rejected bean name 'org.springframework.boot.autoconfigure.jdbc.JdbcTemplateAutoConfiguration$NamedParameterJdbcTemplateConfiguration': no URL paths identified
2019-08-29 20:52:55.129 DEBUG 9116 --- [main] o.s.w.s.h.BeanNameUrlHandlerMapping      : Rejected bean name 'namedParameterJdbcTemplate': no URL paths identified
2019-08-29 20:52:55.129 DEBUG 9116 --- [main] o.s.w.s.h.BeanNameUrlHandlerMapping      : Rejected bean name 'org.springframework.boot.autoconfigure.jdbc.JdbcTemplateAutoConfiguration': no URL paths identified
2019-08-29 20:52:55.129 DEBUG 9116 --- [main] o.s.w.s.h.BeanNameUrlHandlerMapping      : Rejected bean name 'spring.jdbc-org.springframework.boot.autoconfigure.jdbc.JdbcProperties': no URL paths identified
2019-08-29 20:52:55.129 DEBUG 9116 --- [main] o.s.w.s.h.BeanNameUrlHandlerMapping      : Rejected bean name 'org.springframework.boot.autoconfigure.security.reactive.ReactiveSecurityAutoConfiguration': no URL paths identified
2019-08-29 20:52:55.129 DEBUG 9116 --- [main] o.s.w.s.h.BeanNameUrlHandlerMapping      : Rejected bean name 'spring.security-org.springframework.boot.autoconfigure.security.SecurityProperties': no URL paths identified
2019-08-29 20:52:55.129 DEBUG 9116 --- [main] o.s.w.s.h.BeanNameUrlHandlerMapping      : Rejected bean name 'org.springframework.boot.autoconfigure.jdbc.DataSourceTransactionManagerAutoConfiguration$DataSourceTransactionManagerConfiguration': no URL paths identified
2019-08-29 20:52:55.129 DEBUG 9116 --- [main] o.s.w.s.h.BeanNameUrlHandlerMapping      : Rejected bean name 'transactionManager': no URL paths identified
2019-08-29 20:52:55.129 DEBUG 9116 --- [main] o.s.w.s.h.BeanNameUrlHandlerMapping      : Rejected bean name 'org.springframework.boot.autoconfigure.jdbc.DataSourceTransactionManagerAutoConfiguration': no URL paths identified
2019-08-29 20:52:55.129 DEBUG 9116 --- [main] o.s.w.s.h.BeanNameUrlHandlerMapping      : Rejected bean name 'org.springframework.transaction.annotation.ProxyTransactionManagementConfiguration': no URL paths identified
2019-08-29 20:52:55.129 DEBUG 9116 --- [main] o.s.w.s.h.BeanNameUrlHandlerMapping      : Rejected bean name 'org.springframework.transaction.config.internalTransactionAdvisor': no URL paths identified
2019-08-29 20:52:55.129 DEBUG 9116 --- [main] o.s.w.s.h.BeanNameUrlHandlerMapping      : Rejected bean name 'transactionAttributeSource': no URL paths identified
2019-08-29 20:52:55.129 DEBUG 9116 --- [main] o.s.w.s.h.BeanNameUrlHandlerMapping      : Rejected bean name 'transactionInterceptor': no URL paths identified
2019-08-29 20:52:55.129 DEBUG 9116 --- [main] o.s.w.s.h.BeanNameUrlHandlerMapping      : Rejected bean name 'org.springframework.transaction.config.internalTransactionalEventListenerFactory': no URL paths identified
2019-08-29 20:52:55.129 DEBUG 9116 --- [main] o.s.w.s.h.BeanNameUrlHandlerMapping      : Rejected bean name 'org.springframework.boot.autoconfigure.transaction.TransactionAutoConfiguration$EnableTransactionManagementConfiguration$CglibAutoProxyConfiguration': no URL paths identified
2019-08-29 20:52:55.129 DEBUG 9116 --- [main] o.s.w.s.h.BeanNameUrlHandlerMapping      : Rejected bean name 'org.springframework.aop.config.internalAutoProxyCreator': no URL paths identified
2019-08-29 20:52:55.129 DEBUG 9116 --- [main] o.s.w.s.h.BeanNameUrlHandlerMapping      : Rejected bean name 'org.springframework.boot.autoconfigure.transaction.TransactionAutoConfiguration$EnableTransactionManagementConfiguration': no URL paths identified
2019-08-29 20:52:55.129 DEBUG 9116 --- [main] o.s.w.s.h.BeanNameUrlHandlerMapping      : Rejected bean name 'org.springframework.boot.autoconfigure.transaction.TransactionAutoConfiguration$TransactionTemplateConfiguration': no URL paths identified
2019-08-29 20:52:55.129 DEBUG 9116 --- [main] o.s.w.s.h.BeanNameUrlHandlerMapping      : Rejected bean name 'transactionTemplate': no URL paths identified
2019-08-29 20:52:55.129 DEBUG 9116 --- [main] o.s.w.s.h.BeanNameUrlHandlerMapping      : Rejected bean name 'org.springframework.boot.autoconfigure.transaction.TransactionAutoConfiguration': no URL paths identified
2019-08-29 20:52:55.129 DEBUG 9116 --- [main] o.s.w.s.h.BeanNameUrlHandlerMapping      : Rejected bean name 'platformTransactionManagerCustomizers': no URL paths identified
2019-08-29 20:52:55.129 DEBUG 9116 --- [main] o.s.w.s.h.BeanNameUrlHandlerMapping      : Rejected bean name 'spring.transaction-org.springframework.boot.autoconfigure.transaction.TransactionProperties': no URL paths identified
2019-08-29 20:52:55.129 DEBUG 9116 --- [main] o.s.w.s.h.BeanNameUrlHandlerMapping      : Rejected bean name 'org.springframework.boot.autoconfigure.web.client.RestTemplateAutoConfiguration': no URL paths identified
2019-08-29 20:52:55.129 DEBUG 9116 --- [main] o.s.w.s.h.BeanNameUrlHandlerMapping      : Rejected bean name 'restTemplateBuilder': no URL paths identified
2019-08-29 20:52:55.129 DEBUG 9116 --- [main] o.s.w.s.h.BeanNameUrlHandlerMapping      : Rejected bean name 'org.springframework.boot.autoconfigure.web.embedded.EmbeddedWebServerFactoryCustomizerAutoConfiguration$TomcatWebServerFactoryCustomizerConfiguration': no URL paths identified
2019-08-29 20:52:55.129 DEBUG 9116 --- [main] o.s.w.s.h.BeanNameUrlHandlerMapping      : Rejected bean name 'tomcatWebServerFactoryCustomizer': no URL paths identified
2019-08-29 20:52:55.129 DEBUG 9116 --- [main] o.s.w.s.h.BeanNameUrlHandlerMapping      : Rejected bean name 'org.springframework.boot.autoconfigure.web.embedded.EmbeddedWebServerFactoryCustomizerAutoConfiguration': no URL paths identified
2019-08-29 20:52:55.129 DEBUG 9116 --- [main] o.s.w.s.h.BeanNameUrlHandlerMapping      : Rejected bean name 'org.springframework.boot.autoconfigure.web.servlet.HttpEncodingAutoConfiguration': no URL paths identified
2019-08-29 20:52:55.129 DEBUG 9116 --- [main] o.s.w.s.h.BeanNameUrlHandlerMapping      : Rejected bean name 'characterEncodingFilter': no URL paths identified
2019-08-29 20:52:55.129 DEBUG 9116 --- [main] o.s.w.s.h.BeanNameUrlHandlerMapping      : Rejected bean name 'localeCharsetMappingsCustomizer': no URL paths identified
2019-08-29 20:52:55.129 DEBUG 9116 --- [main] o.s.w.s.h.BeanNameUrlHandlerMapping      : Rejected bean name 'org.springframework.boot.autoconfigure.web.servlet.MultipartAutoConfiguration': no URL paths identified
2019-08-29 20:52:55.129 DEBUG 9116 --- [main] o.s.w.s.h.BeanNameUrlHandlerMapping      : Rejected bean name 'multipartConfigElement': no URL paths identified
2019-08-29 20:52:55.129 DEBUG 9116 --- [main] o.s.w.s.h.BeanNameUrlHandlerMapping      : Rejected bean name 'multipartResolver': no URL paths identified
2019-08-29 20:52:55.129 DEBUG 9116 --- [main] o.s.w.s.h.BeanNameUrlHandlerMapping      : Rejected bean name 'spring.servlet.multipart-org.springframework.boot.autoconfigure.web.servlet.MultipartProperties': no URL paths identified
2019-08-29 20:52:55.129 DEBUG 9116 --- [main] o.s.w.s.h.BeanNameUrlHandlerMapping      : Rejected bean name 'employeeMapper': no URL paths identified
2019-08-29 20:52:55.129 DEBUG 9116 --- [main] o.s.w.s.h.BeanNameUrlHandlerMapping      : Rejected bean name 'autoConfigurationReport': no URL paths identified
2019-08-29 20:52:55.129 DEBUG 9116 --- [main] o.s.w.s.h.BeanNameUrlHandlerMapping      : Rejected bean name 'org.springframework.boot.context.ContextIdApplicationContextInitializer$ContextId': no URL paths identified
2019-08-29 20:52:55.129 DEBUG 9116 --- [main] o.s.w.s.h.BeanNameUrlHandlerMapping      : Rejected bean name 'springApplicationArguments': no URL paths identified
2019-08-29 20:52:55.129 DEBUG 9116 --- [main] o.s.w.s.h.BeanNameUrlHandlerMapping      : Rejected bean name 'springBootBanner': no URL paths identified
2019-08-29 20:52:55.129 DEBUG 9116 --- [main] o.s.w.s.h.BeanNameUrlHandlerMapping      : Rejected bean name 'springBootLoggingSystem': no URL paths identified
2019-08-29 20:52:55.129 DEBUG 9116 --- [main] o.s.w.s.h.BeanNameUrlHandlerMapping      : Rejected bean name 'environment': no URL paths identified
2019-08-29 20:52:55.129 DEBUG 9116 --- [main] o.s.w.s.h.BeanNameUrlHandlerMapping      : Rejected bean name 'systemProperties': no URL paths identified
2019-08-29 20:52:55.129 DEBUG 9116 --- [main] o.s.w.s.h.BeanNameUrlHandlerMapping      : Rejected bean name 'systemEnvironment': no URL paths identified
2019-08-29 20:52:55.129 DEBUG 9116 --- [main] o.s.w.s.h.BeanNameUrlHandlerMapping      : Rejected bean name 'org.springframework.context.annotation.ConfigurationClassPostProcessor.importRegistry': no URL paths identified
2019-08-29 20:52:55.129 DEBUG 9116 --- [main] o.s.w.s.h.BeanNameUrlHandlerMapping      : Rejected bean name 'messageSource': no URL paths identified
2019-08-29 20:52:55.129 DEBUG 9116 --- [main] o.s.w.s.h.BeanNameUrlHandlerMapping      : Rejected bean name 'applicationEventMulticaster': no URL paths identified
2019-08-29 20:52:55.129 DEBUG 9116 --- [main] o.s.w.s.h.BeanNameUrlHandlerMapping      : Rejected bean name 'servletContext': no URL paths identified
2019-08-29 20:52:55.129 DEBUG 9116 --- [main] o.s.w.s.h.BeanNameUrlHandlerMapping      : Rejected bean name 'contextParameters': no URL paths identified
2019-08-29 20:52:55.129 DEBUG 9116 --- [main] o.s.w.s.h.BeanNameUrlHandlerMapping      : Rejected bean name 'contextAttributes': no URL paths identified
2019-08-29 20:52:55.145  INFO 9116 --- [main] o.s.w.s.handler.SimpleUrlHandlerMapping  : Mapped URL path [/webjars/**] onto handler of type [class org.springframework.web.servlet.resource.ResourceHttpRequestHandler]
2019-08-29 20:52:55.145  INFO 9116 --- [main] o.s.w.s.handler.SimpleUrlHandlerMapping  : Mapped URL path [/**] onto handler of type [class org.springframework.web.servlet.resource.ResourceHttpRequestHandler]
2019-08-29 20:52:55.160 DEBUG 9116 --- [main] .m.m.a.ExceptionHandlerExceptionResolver : Looking for exception mappings: org.springframework.boot.web.servlet.context.AnnotationConfigServletWebServerApplicationContext@4cc451f2: startup date [Thu Aug 29 20:52:47 CST 2019]; root of context hierarchy
2019-08-29 20:52:56.088  INFO 9116 --- [main] o.s.j.e.a.AnnotationMBeanExporter        : Registering beans for JMX exposure on startup
2019-08-29 20:52:56.088  INFO 9116 --- [main] o.s.j.e.a.AnnotationMBeanExporter        : Bean with name 'dataSource' has been autodetected for JMX exposure
2019-08-29 20:52:56.088  INFO 9116 --- [main] o.s.j.e.a.AnnotationMBeanExporter        : Located MBean 'dataSource': registering with JMX server as MBean [com.zaxxer.hikari:name=dataSource,type=HikariDataSource]
2019-08-29 20:52:56.119 DEBUG 9116 --- [main] o.s.w.s.resource.ResourceUrlProvider     : Looking for resource handler mappings
2019-08-29 20:52:56.119 DEBUG 9116 --- [main] o.s.w.s.resource.ResourceUrlProvider     : Found resource handler mapping: URL pattern="/**/favicon.ico", locations=[class path resource [META-INF/resources/], class path resource [resources/], class path resource [static/], class path resource [public/], ServletContext resource [/], class path resource []], resolvers=[org.springframework.web.servlet.resource.PathResourceResolver@31f20c9f]
2019-08-29 20:52:56.119 DEBUG 9116 --- [main] o.s.w.s.resource.ResourceUrlProvider     : Found resource handler mapping: URL pattern="/webjars/**", locations=[class path resource [META-INF/resources/webjars/]], resolvers=[org.springframework.web.servlet.resource.PathResourceResolver@f446158]
2019-08-29 20:52:56.119 DEBUG 9116 --- [main] o.s.w.s.resource.ResourceUrlProvider     : Found resource handler mapping: URL pattern="/**", locations=[class path resource [META-INF/resources/], class path resource [resources/], class path resource [static/], class path resource [public/], ServletContext resource [/]], resolvers=[org.springframework.web.servlet.resource.PathResourceResolver@32f0c7f8]
2019-08-29 20:52:56.323  INFO 9116 --- [main] o.s.b.w.embedded.tomcat.TomcatWebServer  : Tomcat started on port(s): 8080 (http) with context path ''
2019-08-29 20:52:56.323 DEBUG 9116 --- [main] o.s.w.c.s.StandardServletEnvironment     : Adding PropertySource 'server.ports' with highest search precedence
2019-08-29 20:52:56.323  INFO 9116 --- [main] tws.Application                          : Started Application in 10.703 seconds (JVM running for 12.544)
2019-08-29 20:53:08.815 DEBUG 9116 --- [http-nio-8080-exec-1] o.s.web.servlet.DispatcherServlet        : Initializing servlet 'dispatcherServlet'
2019-08-29 20:53:08.816  INFO 9116 --- [http-nio-8080-exec-1] o.a.c.c.C.[Tomcat].[localhost].[/]       : Initializing Spring FrameworkServlet 'dispatcherServlet'
2019-08-29 20:53:08.816  INFO 9116 --- [http-nio-8080-exec-1] o.s.web.servlet.DispatcherServlet        : FrameworkServlet 'dispatcherServlet': initialization started
2019-08-29 20:53:08.817 DEBUG 9116 --- [http-nio-8080-exec-1] o.s.web.servlet.DispatcherServlet        : Using MultipartResolver [org.springframework.web.multipart.support.StandardServletMultipartResolver@2b8c9067]
2019-08-29 20:53:08.822 DEBUG 9116 --- [http-nio-8080-exec-1] o.s.web.servlet.DispatcherServlet        : Unable to locate LocaleResolver with name 'localeResolver': using default [org.springframework.web.servlet.i18n.AcceptHeaderLocaleResolver@3a9ada87]
2019-08-29 20:53:08.830 DEBUG 9116 --- [http-nio-8080-exec-1] o.s.web.servlet.DispatcherServlet        : Unable to locate ThemeResolver with name 'themeResolver': using default [org.springframework.web.servlet.theme.FixedThemeResolver@5bb39e71]
2019-08-29 20:53:08.836 DEBUG 9116 --- [http-nio-8080-exec-1] o.s.web.servlet.DispatcherServlet        : Unable to locate RequestToViewNameTranslator with name 'viewNameTranslator': using default [org.springframework.web.servlet.view.DefaultRequestToViewNameTranslator@3e469d4e]
2019-08-29 20:53:08.846 DEBUG 9116 --- [http-nio-8080-exec-1] o.s.web.servlet.DispatcherServlet        : Unable to locate FlashMapManager with name 'flashMapManager': using default [org.springframework.web.servlet.support.SessionFlashMapManager@21c8bacf]
2019-08-29 20:53:08.846 DEBUG 9116 --- [http-nio-8080-exec-1] o.s.web.servlet.DispatcherServlet        : Published WebApplicationContext of servlet 'dispatcherServlet' as ServletContext attribute with name [org.springframework.web.servlet.FrameworkServlet.CONTEXT.dispatcherServlet]
2019-08-29 20:53:08.847  INFO 9116 --- [http-nio-8080-exec-1] o.s.web.servlet.DispatcherServlet        : FrameworkServlet 'dispatcherServlet': initialization completed in 30 ms
2019-08-29 20:53:08.847 DEBUG 9116 --- [http-nio-8080-exec-1] o.s.web.servlet.DispatcherServlet        : Servlet 'dispatcherServlet' configured successfully
2019-08-29 20:53:08.862 DEBUG 9116 --- [http-nio-8080-exec-1] o.s.web.servlet.DispatcherServlet        : DispatcherServlet with name 'dispatcherServlet' processing GET request for [/employees]
2019-08-29 20:53:08.866 DEBUG 9116 --- [http-nio-8080-exec-1] s.w.s.m.m.a.RequestMappingHandlerMapping : Looking up handler method for path /employees
2019-08-29 20:53:08.869 DEBUG 9116 --- [http-nio-8080-exec-1] s.w.s.m.m.a.RequestMappingHandlerMapping : Returning handler method [public org.springframework.http.ResponseEntity<java.util.List<tws.entity.Employee>> tws.controller.EmployeeController.getAll()]
2019-08-29 20:53:08.870 DEBUG 9116 --- [http-nio-8080-exec-1] o.s.web.servlet.DispatcherServlet        : Last-Modified value for [/employees] is: -1
2019-08-29 20:53:09.078 DEBUG 9116 --- [http-nio-8080-exec-1] o.s.w.s.m.m.a.HttpEntityMethodProcessor  : Written [[]] as "application/json" using [org.springframework.http.converter.json.MappingJackson2HttpMessageConverter@4cbf4f53]
2019-08-29 20:53:09.081 DEBUG 9116 --- [http-nio-8080-exec-1] o.s.web.servlet.DispatcherServlet        : Null ModelAndView returned to DispatcherServlet with name 'dispatcherServlet': assuming HandlerAdapter completed request handling
2019-08-29 20:53:09.081 DEBUG 9116 --- [http-nio-8080-exec-1] o.s.web.servlet.DispatcherServlet        : Successfully completed request
2019-08-29 20:53:16.050 DEBUG 9116 --- [http-nio-8080-exec-5] o.s.web.servlet.DispatcherServlet        : DispatcherServlet with name 'dispatcherServlet' processing POST request for [/employees]
2019-08-29 20:53:16.050 DEBUG 9116 --- [http-nio-8080-exec-5] s.w.s.m.m.a.RequestMappingHandlerMapping : Looking up handler method for path /employees
2019-08-29 20:53:16.051 DEBUG 9116 --- [http-nio-8080-exec-5] s.w.s.m.m.a.RequestMappingHandlerMapping : Returning handler method [public tws.entity.Employee tws.controller.EmployeeController.createEmployee(tws.entity.Employee)]
2019-08-29 20:53:16.226 DEBUG 9116 --- [http-nio-8080-exec-5] m.m.a.RequestResponseBodyMethodProcessor : Read [class tws.entity.Employee] as "application/json;charset=UTF-8" with [org.springframework.http.converter.json.MappingJackson2HttpMessageConverter@4cbf4f53]
2019-08-29 20:53:16.380 DEBUG 9116 --- [http-nio-8080-exec-5] m.m.a.RequestResponseBodyMethodProcessor : Written [tws.entity.Employee@6ac0c4fd] as "application/json" using [org.springframework.http.converter.json.MappingJackson2HttpMessageConverter@4cbf4f53]
2019-08-29 20:53:16.381 DEBUG 9116 --- [http-nio-8080-exec-5] o.s.web.servlet.DispatcherServlet        : Null ModelAndView returned to DispatcherServlet with name 'dispatcherServlet': assuming HandlerAdapter completed request handling
2019-08-29 20:53:16.381 DEBUG 9116 --- [http-nio-8080-exec-5] o.s.web.servlet.DispatcherServlet        : Successfully completed request
2019-08-29 20:53:20.729 DEBUG 9116 --- [http-nio-8080-exec-7] o.s.web.servlet.DispatcherServlet        : DispatcherServlet with name 'dispatcherServlet' processing GET request for [/employees]
2019-08-29 20:53:20.730 DEBUG 9116 --- [http-nio-8080-exec-7] s.w.s.m.m.a.RequestMappingHandlerMapping : Looking up handler method for path /employees
2019-08-29 20:53:20.731 DEBUG 9116 --- [http-nio-8080-exec-7] s.w.s.m.m.a.RequestMappingHandlerMapping : Returning handler method [public org.springframework.http.ResponseEntity<java.util.List<tws.entity.Employee>> tws.controller.EmployeeController.getAll()]
2019-08-29 20:53:20.733 DEBUG 9116 --- [http-nio-8080-exec-7] o.s.web.servlet.DispatcherServlet        : Last-Modified value for [/employees] is: -1
2019-08-29 20:53:20.743 DEBUG 9116 --- [http-nio-8080-exec-7] o.s.w.s.m.m.a.HttpEntityMethodProcessor  : Written [[tws.entity.Employee@ace4e61]] as "application/json" using [org.springframework.http.converter.json.MappingJackson2HttpMessageConverter@4cbf4f53]
2019-08-29 20:53:20.743 DEBUG 9116 --- [http-nio-8080-exec-7] o.s.web.servlet.DispatcherServlet        : Null ModelAndView returned to DispatcherServlet with name 'dispatcherServlet': assuming HandlerAdapter completed request handling
2019-08-29 20:53:20.743 DEBUG 9116 --- [http-nio-8080-exec-7] o.s.web.servlet.DispatcherServlet        : Successfully completed request
2019-08-29 20:53:33.553 DEBUG 9116 --- [http-nio-8080-exec-9] o.s.web.servlet.DispatcherServlet        : DispatcherServlet with name 'dispatcherServlet' processing PUT request for [/employees/1]
2019-08-29 20:53:33.554 DEBUG 9116 --- [http-nio-8080-exec-9] s.w.s.m.m.a.RequestMappingHandlerMapping : Looking up handler method for path /employees/1
2019-08-29 20:53:33.556 DEBUG 9116 --- [http-nio-8080-exec-9] s.w.s.m.m.a.RequestMappingHandlerMapping : Returning handler method [public void tws.controller.EmployeeController.updateEmployee(int,tws.entity.Employee)]
2019-08-29 20:53:33.564 DEBUG 9116 --- [http-nio-8080-exec-9] m.m.a.RequestResponseBodyMethodProcessor : Read [class tws.entity.Employee] as "application/json;charset=UTF-8" with [org.springframework.http.converter.json.MappingJackson2HttpMessageConverter@4cbf4f53]
2019-08-29 20:53:33.573 DEBUG 9116 --- [http-nio-8080-exec-9] o.s.web.servlet.DispatcherServlet        : Null ModelAndView returned to DispatcherServlet with name 'dispatcherServlet': assuming HandlerAdapter completed request handling
2019-08-29 20:53:33.574 DEBUG 9116 --- [http-nio-8080-exec-9] o.s.web.servlet.DispatcherServlet        : Successfully completed request
2019-08-29 20:53:38.753 DEBUG 9116 --- [http-nio-8080-exec-10] o.s.web.servlet.DispatcherServlet        : DispatcherServlet with name 'dispatcherServlet' processing GET request for [/employees]
2019-08-29 20:53:38.755 DEBUG 9116 --- [http-nio-8080-exec-10] s.w.s.m.m.a.RequestMappingHandlerMapping : Looking up handler method for path /employees
2019-08-29 20:53:38.756 DEBUG 9116 --- [http-nio-8080-exec-10] s.w.s.m.m.a.RequestMappingHandlerMapping : Returning handler method [public org.springframework.http.ResponseEntity<java.util.List<tws.entity.Employee>> tws.controller.EmployeeController.getAll()]
2019-08-29 20:53:38.756 DEBUG 9116 --- [http-nio-8080-exec-10] o.s.web.servlet.DispatcherServlet        : Last-Modified value for [/employees] is: -1
2019-08-29 20:53:38.769 DEBUG 9116 --- [http-nio-8080-exec-10] o.s.w.s.m.m.a.HttpEntityMethodProcessor  : Written [[tws.entity.Employee@4db41581]] as "application/json" using [org.springframework.http.converter.json.MappingJackson2HttpMessageConverter@4cbf4f53]
2019-08-29 20:53:38.770 DEBUG 9116 --- [http-nio-8080-exec-10] o.s.web.servlet.DispatcherServlet        : Null ModelAndView returned to DispatcherServlet with name 'dispatcherServlet': assuming HandlerAdapter completed request handling
2019-08-29 20:53:38.770 DEBUG 9116 --- [http-nio-8080-exec-10] o.s.web.servlet.DispatcherServlet        : Successfully completed request
2019-08-29 20:53:44.986 DEBUG 9116 --- [http-nio-8080-exec-8] o.s.web.servlet.DispatcherServlet        : DispatcherServlet with name 'dispatcherServlet' processing DELETE request for [/employees/1]
2019-08-29 20:53:44.987 DEBUG 9116 --- [http-nio-8080-exec-8] s.w.s.m.m.a.RequestMappingHandlerMapping : Looking up handler method for path /employees/1
2019-08-29 20:53:44.997 DEBUG 9116 --- [http-nio-8080-exec-8] s.w.s.m.m.a.RequestMappingHandlerMapping : Returning handler method [public void tws.controller.EmployeeController.deleteEmployee(int)]
2019-08-29 20:53:45.002 DEBUG 9116 --- [http-nio-8080-exec-8] o.s.web.servlet.DispatcherServlet        : Null ModelAndView returned to DispatcherServlet with name 'dispatcherServlet': assuming HandlerAdapter completed request handling
2019-08-29 20:53:45.004 DEBUG 9116 --- [http-nio-8080-exec-8] o.s.web.servlet.DispatcherServlet        : Successfully completed request
2019-08-29 20:53:49.762 DEBUG 9116 --- [http-nio-8080-exec-6] o.s.web.servlet.DispatcherServlet        : DispatcherServlet with name 'dispatcherServlet' processing GET request for [/employees]
2019-08-29 20:53:49.762 DEBUG 9116 --- [http-nio-8080-exec-6] s.w.s.m.m.a.RequestMappingHandlerMapping : Looking up handler method for path /employees
2019-08-29 20:53:49.763 DEBUG 9116 --- [http-nio-8080-exec-6] s.w.s.m.m.a.RequestMappingHandlerMapping : Returning handler method [public org.springframework.http.ResponseEntity<java.util.List<tws.entity.Employee>> tws.controller.EmployeeController.getAll()]
2019-08-29 20:53:49.763 DEBUG 9116 --- [http-nio-8080-exec-6] o.s.web.servlet.DispatcherServlet        : Last-Modified value for [/employees] is: -1
2019-08-29 20:53:49.774 DEBUG 9116 --- [http-nio-8080-exec-6] o.s.w.s.m.m.a.HttpEntityMethodProcessor  : Written [[]] as "application/json" using [org.springframework.http.converter.json.MappingJackson2HttpMessageConverter@4cbf4f53]
2019-08-29 20:53:49.774 DEBUG 9116 --- [http-nio-8080-exec-6] o.s.web.servlet.DispatcherServlet        : Null ModelAndView returned to DispatcherServlet with name 'dispatcherServlet': assuming HandlerAdapter completed request handling
2019-08-29 20:53:49.774 DEBUG 9116 --- [http-nio-8080-exec-6] o.s.web.servlet.DispatcherServlet        : Successfully completed request
